# JRE version: OpenJDK Runtime Environment Temurin-21.0.9+10 (21.0.9+10) (build 21.0.9+10-LTS)
# Java VM: OpenJDK 64-Bit Server VM Temurin-21.0.9+10 (21.0.9+10-LTS, mixed mode, sharing, tiered, compressed oops, compressed class ptrs, parallel gc, windows-amd64)
GC Precious Log:
 CardTable entry size: 512
 CPUs: 12 total, 12 available
 Memory: 7876M
 Large Page Support: Disabled
 NUMA Support: Disabled
 Compressed Oops: Enabled (32-bit)
 Alignments: Space 512K, Generation 512K, Heap 2M
 Heap Min Capacity: 100M
 Heap Initial Capacity: 100M
 Heap Max Capacity: 2G
 Pre-touch: Disabled
 Parallel Workers: 10
Heap:
 PSYoungGen      total 6656K, used 0K [0x00000000d5580000, 0x00000000d5d80000, 0x0000000100000000)
  eden space 6144K, 0% used [0x00000000d5580000,0x00000000d5580000,0x00000000d5b80000)
  from space 512K, 0% used [0x00000000d5c80000,0x00000000d5c80000,0x00000000d5d00000)
  to   space 512K, 0% used [0x00000000d5d00000,0x00000000d5d00000,0x00000000d5d80000)
 ParOldGen       total 701952K, used 701895K [0x0000000080000000, 0x00000000aad80000, 0x00000000d5580000)
  object space 701952K, 99% used [0x0000000080000000,0x00000000aad71d00,0x00000000aad80000)
 Metaspace       used 66386K, committed 67968K, reserved 1114112K
  class space    used 7045K, committed 7744K, reserved 1048576K
GC Heap History (20 events):
Event: 71.861 GC heap before
{Heap before GC invocations=901 (full 3):
 PSYoungGen      total 6656K, used 6633K [0x00000000d5580000, 0x00000000d6480000, 0x0000000100000000)
  eden space 5120K, 99% used [0x00000000d5580000,0x00000000d5a7ffd8,0x00000000d5a80000)
  from space 1536K, 98% used [0x00000000d5c00000,0x00000000d5d7a768,0x00000000d5d80000)
  to   space 5120K, 0% used [0x00000000d5f80000,0x00000000d5f80000,0x00000000d6480000)
 ParOldGen       total 678400K, used 677993K [0x0000000080000000, 0x00000000a9680000, 0x00000000d5580000)
  object space 678400K, 99% used [0x0000000080000000,0x00000000a961a720,0x00000000a9680000)
 Metaspace       used 63313K, committed 64896K, reserved 1114112K
  class space    used 6766K, committed 7488K, reserved 1048576K
}
Event: 71.870 GC heap after
{Heap after GC invocations=901 (full 3):
 PSYoungGen      total 9728K, used 4352K [0x00000000d5580000, 0x00000000d6400000, 0x0000000100000000)
  eden space 5120K, 0% used [0x00000000d5580000,0x00000000d5580000,0x00000000d5a80000)
  from space 4608K, 94% used [0x00000000d5f80000,0x00000000d63c0000,0x00000000d6400000)
  to   space 4608K, 0% used [0x00000000d5b00000,0x00000000d5b00000,0x00000000d5f80000)
 ParOldGen       total 679936K, used 679545K [0x0000000080000000, 0x00000000a9800000, 0x00000000d5580000)
  object space 679936K, 99% used [0x0000000080000000,0x00000000a979e650,0x00000000a9800000)
 Metaspace       used 63313K, committed 64896K, reserved 1114112K
  class space    used 6766K, committed 7488K, reserved 1048576K
}
Event: 71.964 GC heap before
{Heap before GC invocations=902 (full 3):
 PSYoungGen      total 9728K, used 9472K [0x00000000d5580000, 0x00000000d6400000, 0x0000000100000000)
  eden space 5120K, 100% used [0x00000000d5580000,0x00000000d5a80000,0x00000000d5a80000)
  from space 4608K, 94% used [0x00000000d5f80000,0x00000000d63c0000,0x00000000d6400000)
  to   space 4608K, 0% used [0x00000000d5b00000,0x00000000d5b00000,0x00000000d5f80000)
 ParOldGen       total 679936K, used 679545K [0x0000000080000000, 0x00000000a9800000, 0x00000000d5580000)
  object space 679936K, 99% used [0x0000000080000000,0x00000000a979e650,0x00000000a9800000)
 Metaspace       used 63347K, committed 64960K, reserved 1114112K
  class space    used 6767K, committed 7488K, reserved 1048576K
}
Event: 71.975 GC heap after
{Heap after GC invocations=902 (full 3):
 PSYoungGen      total 7168K, used 2016K [0x00000000d5580000, 0x00000000d6080000, 0x0000000100000000)
  eden space 5120K, 0% used [0x00000000d5580000,0x00000000d5580000,0x00000000d5a80000)
  from space 2048K, 98% used [0x00000000d5b00000,0x00000000d5cf8000,0x00000000d5d00000)
  to   space 3072K, 0% used [0x00000000d5d80000,0x00000000d5d80000,0x00000000d6080000)
 ParOldGen       total 684032K, used 683866K [0x0000000080000000, 0x00000000a9c00000, 0x00000000d5580000)
  object space 684032K, 99% used [0x0000000080000000,0x00000000a9bd6a90,0x00000000a9c00000)
 Metaspace       used 63347K, committed 64960K, reserved 1114112K
  class space    used 6767K, committed 7488K, reserved 1048576K
}
Event: 72.247 GC heap before
{Heap before GC invocations=903 (full 3):
 PSYoungGen      total 7168K, used 7136K [0x00000000d5580000, 0x00000000d6080000, 0x0000000100000000)
  eden space 5120K, 100% used [0x00000000d5580000,0x00000000d5a80000,0x00000000d5a80000)
  from space 2048K, 98% used [0x00000000d5b00000,0x00000000d5cf8000,0x00000000d5d00000)
  to   space 3072K, 0% used [0x00000000d5d80000,0x00000000d5d80000,0x00000000d6080000)
 ParOldGen       total 684032K, used 683866K [0x0000000080000000, 0x00000000a9c00000, 0x00000000d5580000)
  object space 684032K, 99% used [0x0000000080000000,0x00000000a9bd6a90,0x00000000a9c00000)
 Metaspace       used 63356K, committed 64960K, reserved 1114112K
  class space    used 6767K, committed 7488K, reserved 1048576K
}
Event: 72.252 GC heap after
{Heap after GC invocations=903 (full 3):
 PSYoungGen      total 5632K, used 160K [0x00000000d5580000, 0x00000000d5e00000, 0x0000000100000000)
  eden space 5120K, 0% used [0x00000000d5580000,0x00000000d5580000,0x00000000d5a80000)
  from space 512K, 31% used [0x00000000d5d80000,0x00000000d5da8000,0x00000000d5e00000)
  to   space 1024K, 0% used [0x00000000d5c00000,0x00000000d5c00000,0x00000000d5d00000)
 ParOldGen       total 686080K, used 685802K [0x0000000080000000, 0x00000000a9e00000, 0x00000000d5580000)
  object space 686080K, 99% used [0x0000000080000000,0x00000000a9dbaa90,0x00000000a9e00000)
 Metaspace       used 63356K, committed 64960K, reserved 1114112K
  class space    used 6767K, committed 7488K, reserved 1048576K
}
Event: 312.182 GC heap before
{Heap before GC invocations=904 (full 3):
 PSYoungGen      total 5632K, used 5276K [0x00000000d5580000, 0x00000000d5e00000, 0x0000000100000000)
  eden space 5120K, 99% used [0x00000000d5580000,0x00000000d5a7f268,0x00000000d5a80000)
  from space 512K, 31% used [0x00000000d5d80000,0x00000000d5da8000,0x00000000d5e00000)
  to   space 1024K, 0% used [0x00000000d5c00000,0x00000000d5c00000,0x00000000d5d00000)
 ParOldGen       total 686080K, used 685802K [0x0000000080000000, 0x00000000a9e00000, 0x00000000d5580000)
  object space 686080K, 99% used [0x0000000080000000,0x00000000a9dbaa90,0x00000000a9e00000)
 Metaspace       used 63768K, committed 65408K, reserved 1114112K
  class space    used 6809K, committed 7552K, reserved 1048576K
}
Event: 312.406 GC heap after
{Heap after GC invocations=904 (full 3):
 PSYoungGen      total 6144K, used 416K [0x00000000d5580000, 0x00000000d5e00000, 0x0000000100000000)
  eden space 5120K, 0% used [0x00000000d5580000,0x00000000d5580000,0x00000000d5a80000)
  from space 1024K, 40% used [0x00000000d5c00000,0x00000000d5c68020,0x00000000d5d00000)
  to   space 512K, 0% used [0x00000000d5d80000,0x00000000d5d80000,0x00000000d5e00000)
 ParOldGen       total 686080K, used 685858K [0x0000000080000000, 0x00000000a9e00000, 0x00000000d5580000)
  object space 686080K, 99% used [0x0000000080000000,0x00000000a9dc8a90,0x00000000a9e00000)
 Metaspace       used 63768K, committed 65408K, reserved 1114112K
  class space    used 6809K, committed 7552K, reserved 1048576K
}
Event: 312.950 GC heap before
{Heap before GC invocations=905 (full 3):
 PSYoungGen      total 6144K, used 5536K [0x00000000d5580000, 0x00000000d5e00000, 0x0000000100000000)
  eden space 5120K, 100% used [0x00000000d5580000,0x00000000d5a80000,0x00000000d5a80000)
  from space 1024K, 40% used [0x00000000d5c00000,0x00000000d5c68020,0x00000000d5d00000)
  to   space 512K, 0% used [0x00000000d5d80000,0x00000000d5d80000,0x00000000d5e00000)
 ParOldGen       total 686080K, used 685858K [0x0000000080000000, 0x00000000a9e00000, 0x00000000d5580000)
  object space 686080K, 99% used [0x0000000080000000,0x00000000a9dc8a90,0x00000000a9e00000)
 Metaspace       used 64227K, committed 65792K, reserved 1114112K
  class space    used 6851K, committed 7552K, reserved 1048576K
}
Event: 312.957 GC heap after
{Heap after GC invocations=905 (full 3):
 PSYoungGen      total 5632K, used 352K [0x00000000d5580000, 0x00000000d5e00000, 0x0000000100000000)
  eden space 5120K, 0% used [0x00000000d5580000,0x00000000d5580000,0x00000000d5a80000)
  from space 512K, 68% used [0x00000000d5d80000,0x00000000d5dd8000,0x00000000d5e00000)
  to   space 512K, 0% used [0x00000000d5d00000,0x00000000d5d00000,0x00000000d5d80000)
 ParOldGen       total 686592K, used 686130K [0x0000000080000000, 0x00000000a9e80000, 0x00000000d5580000)
  object space 686592K, 99% used [0x0000000080000000,0x00000000a9e0cab0,0x00000000a9e80000)
 Metaspace       used 64227K, committed 65792K, reserved 1114112K
  class space    used 6851K, committed 7552K, reserved 1048576K
}
Event: 313.083 GC heap before
{Heap before GC invocations=906 (full 3):
 PSYoungGen      total 5632K, used 5460K [0x00000000d5580000, 0x00000000d5e00000, 0x0000000100000000)
  eden space 5120K, 99% used [0x00000000d5580000,0x00000000d5a7d050,0x00000000d5a80000)
  from space 512K, 68% used [0x00000000d5d80000,0x00000000d5dd8000,0x00000000d5e00000)
  to   space 512K, 0% used [0x00000000d5d00000,0x00000000d5d00000,0x00000000d5d80000)
 ParOldGen       total 686592K, used 686130K [0x0000000080000000, 0x00000000a9e80000, 0x00000000d5580000)
  object space 686592K, 99% used [0x0000000080000000,0x00000000a9e0cab0,0x00000000a9e80000)
 Metaspace       used 64855K, committed 66496K, reserved 1114112K
  class space    used 6903K, committed 7616K, reserved 1048576K
}
Event: 313.090 GC heap after
{Heap after GC invocations=906 (full 3):
 PSYoungGen      total 5632K, used 385K [0x00000000d5580000, 0x00000000d5e00000, 0x0000000100000000)
  eden space 5120K, 0% used [0x00000000d5580000,0x00000000d5580000,0x00000000d5a80000)
  from space 512K, 75% used [0x00000000d5d00000,0x00000000d5d60630,0x00000000d5d80000)
  to   space 512K, 0% used [0x00000000d5d80000,0x00000000d5d80000,0x00000000d5e00000)
 ParOldGen       total 688128K, used 687620K [0x0000000080000000, 0x00000000aa000000, 0x00000000d5580000)
  object space 688128K, 99% used [0x0000000080000000,0x00000000a9f813f0,0x00000000aa000000)
 Metaspace       used 64855K, committed 66496K, reserved 1114112K
  class space    used 6903K, committed 7616K, reserved 1048576K
}
Event: 313.190 GC heap before
{Heap before GC invocations=907 (full 3):
 PSYoungGen      total 5632K, used 5505K [0x00000000d5580000, 0x00000000d5e00000, 0x0000000100000000)
  eden space 5120K, 100% used [0x00000000d5580000,0x00000000d5a80000,0x00000000d5a80000)
  from space 512K, 75% used [0x00000000d5d00000,0x00000000d5d60630,0x00000000d5d80000)
  to   space 512K, 0% used [0x00000000d5d80000,0x00000000d5d80000,0x00000000d5e00000)
 ParOldGen       total 688128K, used 687620K [0x0000000080000000, 0x00000000aa000000, 0x00000000d5580000)
  object space 688128K, 99% used [0x0000000080000000,0x00000000a9f813f0,0x00000000aa000000)
 Metaspace       used 65643K, committed 67264K, reserved 1114112K
  class space    used 6976K, committed 7680K, reserved 1048576K
}
Event: 313.194 GC heap after
{Heap after GC invocations=907 (full 3):
 PSYoungGen      total 5632K, used 512K [0x00000000d5580000, 0x00000000d5e00000, 0x0000000100000000)
  eden space 5120K, 0% used [0x00000000d5580000,0x00000000d5580000,0x00000000d5a80000)
  from space 512K, 100% used [0x00000000d5d80000,0x00000000d5e00000,0x00000000d5e00000)
  to   space 1024K, 0% used [0x00000000d5c00000,0x00000000d5c00000,0x00000000d5d00000)
 ParOldGen       total 688128K, used 687805K [0x0000000080000000, 0x00000000aa000000, 0x00000000d5580000)
  object space 688128K, 99% used [0x0000000080000000,0x00000000a9faf420,0x00000000aa000000)
 Metaspace       used 65643K, committed 67264K, reserved 1114112K
  class space    used 6976K, committed 7680K, reserved 1048576K
}
Event: 313.281 GC heap before
{Heap before GC invocations=908 (full 3):
 PSYoungGen      total 5632K, used 5632K [0x00000000d5580000, 0x00000000d5e00000, 0x0000000100000000)
  eden space 5120K, 100% used [0x00000000d5580000,0x00000000d5a80000,0x00000000d5a80000)
  from space 512K, 100% used [0x00000000d5d80000,0x00000000d5e00000,0x00000000d5e00000)
  to   space 1024K, 0% used [0x00000000d5c00000,0x00000000d5c00000,0x00000000d5d00000)
 ParOldGen       total 688128K, used 687805K [0x0000000080000000, 0x00000000aa000000, 0x00000000d5580000)
  object space 688128K, 99% used [0x0000000080000000,0x00000000a9faf420,0x00000000aa000000)
 Metaspace       used 65954K, committed 67584K, reserved 1114112K
  class space    used 7010K, committed 7744K, reserved 1048576K
}
Event: 313.286 GC heap after
{Heap after GC invocations=908 (full 3):
 PSYoungGen      total 6144K, used 971K [0x00000000d5580000, 0x00000000d5e00000, 0x0000000100000000)
  eden space 5120K, 0% used [0x00000000d5580000,0x00000000d5580000,0x00000000d5a80000)
  from space 1024K, 94% used [0x00000000d5c00000,0x00000000d5cf2ca8,0x00000000d5d00000)
  to   space 1024K, 0% used [0x00000000d5d00000,0x00000000d5d00000,0x00000000d5e00000)
 ParOldGen       total 689664K, used 689587K [0x0000000080000000, 0x00000000aa180000, 0x00000000d5580000)
  object space 689664K, 99% used [0x0000000080000000,0x00000000aa16cc48,0x00000000aa180000)
 Metaspace       used 65954K, committed 67584K, reserved 1114112K
  class space    used 7010K, committed 7744K, reserved 1048576K
}
Event: 313.328 GC heap before
{Heap before GC invocations=909 (full 3):
 PSYoungGen      total 6144K, used 5945K [0x00000000d5580000, 0x00000000d5e00000, 0x0000000100000000)
  eden space 5120K, 97% used [0x00000000d5580000,0x00000000d5a5b7c8,0x00000000d5a80000)
  from space 1024K, 94% used [0x00000000d5c00000,0x00000000d5cf2ca8,0x00000000d5d00000)
  to   space 1024K, 0% used [0x00000000d5d00000,0x00000000d5d00000,0x00000000d5e00000)
 ParOldGen       total 691712K, used 691502K [0x0000000080000000, 0x00000000aa380000, 0x00000000d5580000)
  object space 691712K, 99% used [0x0000000080000000,0x00000000aa34b858,0x00000000aa380000)
 Metaspace       used 66132K, committed 67776K, reserved 1114112K
  class space    used 7030K, committed 7744K, reserved 1048576K
}
Event: 313.334 GC heap after
{Heap after GC invocations=909 (full 3):
 PSYoungGen      total 6144K, used 585K [0x00000000d5580000, 0x00000000d5e00000, 0x0000000100000000)
  eden space 5120K, 0% used [0x00000000d5580000,0x00000000d5580000,0x00000000d5a80000)
  from space 1024K, 57% used [0x00000000d5d00000,0x00000000d5d92508,0x00000000d5e00000)
  to   space 1024K, 0% used [0x00000000d5c00000,0x00000000d5c00000,0x00000000d5d00000)
 ParOldGen       total 693760K, used 693641K [0x0000000080000000, 0x00000000aa580000, 0x00000000d5580000)
  object space 693760K, 99% used [0x0000000080000000,0x00000000aa5626f0,0x00000000aa580000)
 Metaspace       used 66132K, committed 67776K, reserved 1114112K
  class space    used 7030K, committed 7744K, reserved 1048576K
}
Event: 313.373 GC heap before
{Heap before GC invocations=910 (full 3):
 PSYoungGen      total 6144K, used 5705K [0x00000000d5580000, 0x00000000d5e00000, 0x0000000100000000)
  eden space 5120K, 100% used [0x00000000d5580000,0x00000000d5a80000,0x00000000d5a80000)
  from space 1024K, 57% used [0x00000000d5d00000,0x00000000d5d92508,0x00000000d5e00000)
  to   space 1024K, 0% used [0x00000000d5c00000,0x00000000d5c00000,0x00000000d5d00000)
 ParOldGen       total 701440K, used 701304K [0x0000000080000000, 0x00000000aad00000, 0x00000000d5580000)
  object space 701440K, 99% used [0x0000000080000000,0x00000000aacde020,0x00000000aad00000)
 Metaspace       used 66294K, committed 67904K, reserved 1114112K
  class space    used 7036K, committed 7744K, reserved 1048576K
}
Event: 313.377 GC heap after
{Heap after GC invocations=910 (full 3):
 PSYoungGen      total 6144K, used 352K [0x00000000d5580000, 0x00000000d5d80000, 0x0000000100000000)
  eden space 5120K, 0% used [0x00000000d5580000,0x00000000d5580000,0x00000000d5a80000)
  from space 1024K, 34% used [0x00000000d5c00000,0x00000000d5c58020,0x00000000d5d00000)
  to   space 512K, 0% used [0x00000000d5d00000,0x00000000d5d00000,0x00000000d5d80000)
 ParOldGen       total 701440K, used 701384K [0x0000000080000000, 0x00000000aad00000, 0x00000000d5580000)
  object space 701440K, 99% used [0x0000000080000000,0x00000000aacf2020,0x00000000aad00000)
 Metaspace       used 66294K, committed 67904K, reserved 1114112K
  class space    used 7036K, committed 7744K, reserved 1048576K
}

