# JRE version: Java(TM) SE Runtime Environment (23.0.2+7) (build 23.0.2+7-58)
# Java VM: Java HotSpot(TM) 64-Bit Server VM (23.0.2+7-58, mixed mode, sharing, tiered, compressed oops, compressed class ptrs, g1 gc, windows-amd64)
GC Precious Log:
 CardTable entry size: 512
 Card Set container configuration: InlinePtr #cards 5 size 8 Array Of Cards #cards 10 size 36 Howl #buckets 4 coarsen threshold 1843 Howl Bitmap #cards 512 size 80 coarsen threshold 460 Card regions per heap region 1 cards per card region 2048
 CPUs: 12 total, 12 available
 Memory: 7876M
 Large Page Support: Disabled
 NUMA Support: Disabled
 Compressed Oops: Enabled (32-bit)
 Heap Region Size: 1M
 Heap Min Capacity: 8M
 Heap Initial Capacity: 124M
 Heap Max Capacity: 1970M
 Pre-touch: Disabled
 Parallel Workers: 10
 Concurrent Workers: 3
 Concurrent Refinement Workers: 10
 Periodic GC: Disabled
Heap:
 garbage-first heap   total reserved 2017280K, committed 58368K, used 43579K [0x0000000084e00000, 0x0000000100000000)
  region size 1024K, 21 young (21504K), 4 survivors (4096K)
 Metaspace       used 65002K, committed 65664K, reserved 1114112K
  class space    used 9098K, committed 9408K, reserved 1048576K
GC Heap History (20 events):
Event: 3.300 GC heap before
{Heap before GC invocations=4 (full 0):
 garbage-first heap   total reserved 2017280K, committed 48128K, used 36613K [0x0000000084e00000, 0x0000000100000000)
  region size 1024K, 28 young (28672K), 6 survivors (6144K)
 Metaspace       used 24825K, committed 25152K, reserved 1114112K
  class space    used 3150K, committed 3264K, reserved 1048576K
}
Event: 3.309 GC heap after
{Heap after GC invocations=5 (full 0):
 garbage-first heap   total reserved 2017280K, committed 48128K, used 16553K [0x0000000084e00000, 0x0000000100000000)
  region size 1024K, 3 young (3072K), 3 survivors (3072K)
 Metaspace       used 24825K, committed 25152K, reserved 1114112K
  class space    used 3150K, committed 3264K, reserved 1048576K
}
Event: 3.840 GC heap before
{Heap before GC invocations=5 (full 0):
 garbage-first heap   total reserved 2017280K, committed 48128K, used 34985K [0x0000000084e00000, 0x0000000100000000)
  region size 1024K, 22 young (22528K), 3 survivors (3072K)
 Metaspace       used 29418K, committed 29888K, reserved 1114112K
  class space    used 3772K, committed 3968K, reserved 1048576K
}
Event: 3.848 GC heap after
{Heap after GC invocations=6 (full 0):
 garbage-first heap   total reserved 2017280K, committed 48128K, used 18031K [0x0000000084e00000, 0x0000000100000000)
  region size 1024K, 2 young (2048K), 2 survivors (2048K)
 Metaspace       used 29418K, committed 29888K, reserved 1114112K
  class space    used 3772K, committed 3968K, reserved 1048576K
}
Event: 4.495 GC heap before
{Heap before GC invocations=6 (full 0):
 garbage-first heap   total reserved 2017280K, committed 48128K, used 36463K [0x0000000084e00000, 0x0000000100000000)
  region size 1024K, 21 young (21504K), 2 survivors (2048K)
 Metaspace       used 33838K, committed 34368K, reserved 1114112K
  class space    used 4424K, committed 4672K, reserved 1048576K
}
Event: 4.499 GC heap after
{Heap after GC invocations=7 (full 0):
 garbage-first heap   total reserved 2017280K, committed 48128K, used 19571K [0x0000000084e00000, 0x0000000100000000)
  region size 1024K, 2 young (2048K), 2 survivors (2048K)
 Metaspace       used 33838K, committed 34368K, reserved 1114112K
  class space    used 4424K, committed 4672K, reserved 1048576K
}
Event: 4.757 GC heap before
{Heap before GC invocations=7 (full 0):
 garbage-first heap   total reserved 2017280K, committed 48128K, used 25715K [0x0000000084e00000, 0x0000000100000000)
  region size 1024K, 9 young (9216K), 2 survivors (2048K)
 Metaspace       used 35518K, committed 35968K, reserved 1114112K
  class space    used 4707K, committed 4928K, reserved 1048576K
}
Event: 4.760 GC heap after
{Heap after GC invocations=8 (full 0):
 garbage-first heap   total reserved 2017280K, committed 48128K, used 19799K [0x0000000084e00000, 0x0000000100000000)
  region size 1024K, 2 young (2048K), 2 survivors (2048K)
 Metaspace       used 35518K, committed 35968K, reserved 1114112K
  class space    used 4707K, committed 4928K, reserved 1048576K
}
Event: 6.062 GC heap before
{Heap before GC invocations=9 (full 0):
 garbage-first heap   total reserved 2017280K, committed 48128K, used 40279K [0x0000000084e00000, 0x0000000100000000)
  region size 1024K, 22 young (22528K), 2 survivors (2048K)
 Metaspace       used 41387K, committed 41920K, reserved 1114112K
  class space    used 5532K, committed 5760K, reserved 1048576K
}
Event: 6.070 GC heap after
{Heap after GC invocations=10 (full 0):
 garbage-first heap   total reserved 2017280K, committed 48128K, used 21206K [0x0000000084e00000, 0x0000000100000000)
  region size 1024K, 3 young (3072K), 3 survivors (3072K)
 Metaspace       used 41387K, committed 41920K, reserved 1114112K
  class space    used 5532K, committed 5760K, reserved 1048576K
}
Event: 7.394 GC heap before
{Heap before GC invocations=10 (full 0):
 garbage-first heap   total reserved 2017280K, committed 48128K, used 40662K [0x0000000084e00000, 0x0000000100000000)
  region size 1024K, 22 young (22528K), 3 survivors (3072K)
 Metaspace       used 47756K, committed 48320K, reserved 1114112K
  class space    used 6522K, committed 6784K, reserved 1048576K
}
Event: 7.403 GC heap after
{Heap after GC invocations=11 (full 0):
 garbage-first heap   total reserved 2017280K, committed 48128K, used 21696K [0x0000000084e00000, 0x0000000100000000)
  region size 1024K, 3 young (3072K), 3 survivors (3072K)
 Metaspace       used 47756K, committed 48320K, reserved 1114112K
  class space    used 6522K, committed 6784K, reserved 1048576K
}
Event: 8.303 GC heap before
{Heap before GC invocations=11 (full 0):
 garbage-first heap   total reserved 2017280K, committed 48128K, used 40128K [0x0000000084e00000, 0x0000000100000000)
  region size 1024K, 22 young (22528K), 3 survivors (3072K)
 Metaspace       used 52467K, committed 53120K, reserved 1114112K
  class space    used 7246K, committed 7552K, reserved 1048576K
}
Event: 8.309 GC heap after
{Heap after GC invocations=12 (full 0):
 garbage-first heap   total reserved 2017280K, committed 48128K, used 23321K [0x0000000084e00000, 0x0000000100000000)
  region size 1024K, 3 young (3072K), 3 survivors (3072K)
 Metaspace       used 52467K, committed 53120K, reserved 1114112K
  class space    used 7246K, committed 7552K, reserved 1048576K
}
Event: 8.794 GC heap before
{Heap before GC invocations=12 (full 0):
 garbage-first heap   total reserved 2017280K, committed 48128K, used 40729K [0x0000000084e00000, 0x0000000100000000)
  region size 1024K, 20 young (20480K), 3 survivors (3072K)
 Metaspace       used 54520K, committed 55168K, reserved 1114112K
  class space    used 7516K, committed 7808K, reserved 1048576K
}
Event: 8.799 GC heap after
{Heap after GC invocations=13 (full 0):
 garbage-first heap   total reserved 2017280K, committed 48128K, used 24124K [0x0000000084e00000, 0x0000000100000000)
  region size 1024K, 3 young (3072K), 3 survivors (3072K)
 Metaspace       used 54520K, committed 55168K, reserved 1114112K
  class space    used 7516K, committed 7808K, reserved 1048576K
}
Event: 9.589 GC heap before
{Heap before GC invocations=13 (full 0):
 garbage-first heap   total reserved 2017280K, committed 48128K, used 39484K [0x0000000084e00000, 0x0000000100000000)
  region size 1024K, 19 young (19456K), 3 survivors (3072K)
 Metaspace       used 57299K, committed 57920K, reserved 1114112K
  class space    used 7954K, committed 8256K, reserved 1048576K
}
Event: 9.597 GC heap after
{Heap after GC invocations=14 (full 0):
 garbage-first heap   total reserved 2017280K, committed 58368K, used 25478K [0x0000000084e00000, 0x0000000100000000)
  region size 1024K, 3 young (3072K), 3 survivors (3072K)
 Metaspace       used 57299K, committed 57920K, reserved 1114112K
  class space    used 7954K, committed 8256K, reserved 1048576K
}
Event: 141.497 GC heap before
{Heap before GC invocations=15 (full 0):
 garbage-first heap   total reserved 2017280K, committed 58368K, used 50054K [0x0000000084e00000, 0x0000000100000000)
  region size 1024K, 27 young (27648K), 3 survivors (3072K)
 Metaspace       used 60287K, committed 60992K, reserved 1114112K
  class space    used 8422K, committed 8768K, reserved 1048576K
}
Event: 141.580 GC heap after
{Heap after GC invocations=16 (full 0):
 garbage-first heap   total reserved 2017280K, committed 58368K, used 28219K [0x0000000084e00000, 0x0000000100000000)
  region size 1024K, 4 young (4096K), 4 survivors (4096K)
 Metaspace       used 60287K, committed 60992K, reserved 1114112K
  class space    used 8422K, committed 8768K, reserved 1048576K
}

