# JRE version: OpenJDK Runtime Environment Temurin-21.0.9+10 (21.0.9+10) (build 21.0.9+10-LTS)
# Java VM: OpenJDK 64-Bit Server VM Temurin-21.0.9+10 (21.0.9+10-LTS, mixed mode, sharing, tiered, compressed oops, compressed class ptrs, parallel gc, windows-amd64)
GC Precious Log:
 CardTable entry size: 512
 CPUs: 12 total, 12 available
 Memory: 7876M
 Large Page Support: Disabled
 NUMA Support: Disabled
 Compressed Oops: Enabled (32-bit)
 Alignments: Space 512K, Generation 512K, Heap 2M
 Heap Min Capacity: 100M
 Heap Initial Capacity: 100M
 Heap Max Capacity: 2G
 Pre-touch: Disabled
 Parallel Workers: 10
Heap:
 PSYoungGen      total 20992K, used 4770K [0x00000000d5580000, 0x00000000d6f00000, 0x0000000100000000)
  eden space 17920K, 10% used [0x00000000d5580000,0x00000000d57608f0,0x00000000d6700000)
  from space 3072K, 92% used [0x00000000d6700000,0x00000000d69c8000,0x00000000d6a00000)
  to   space 4096K, 0% used [0x00000000d6b00000,0x00000000d6b00000,0x00000000d6f00000)
 ParOldGen       total 74752K, used 74320K [0x0000000080000000, 0x0000000084900000, 0x00000000d5580000)
  object space 74752K, 99% used [0x0000000080000000,0x0000000084894000,0x0000000084900000)
 Metaspace       used 67534K, committed 69120K, reserved 1114112K
  class space    used 7280K, committed 8000K, reserved 1048576K
GC Heap History (20 events):
Event: 43.954 GC heap before
{Heap before GC invocations=52 (full 3):
 PSYoungGen      total 22016K, used 21570K [0x00000000d5580000, 0x00000000d7280000, 0x0000000100000000)
  eden space 20480K, 100% used [0x00000000d5580000,0x00000000d6980000,0x00000000d6980000)
  from space 1536K, 71% used [0x00000000d7100000,0x00000000d7210b18,0x00000000d7280000)
  to   space 1536K, 0% used [0x00000000d6f80000,0x00000000d6f80000,0x00000000d7100000)
 ParOldGen       total 68608K, used 58421K [0x0000000080000000, 0x0000000084300000, 0x00000000d5580000)
  object space 68608K, 85% used [0x0000000080000000,0x000000008390d730,0x0000000084300000)
 Metaspace       used 64546K, committed 65920K, reserved 1114112K
  class space    used 7000K, committed 7616K, reserved 1048576K
}
Event: 43.960 GC heap after
{Heap after GC invocations=52 (full 3):
 PSYoungGen      total 22016K, used 1522K [0x00000000d5580000, 0x00000000d7180000, 0x0000000100000000)
  eden space 20480K, 0% used [0x00000000d5580000,0x00000000d5580000,0x00000000d6980000)
  from space 1536K, 99% used [0x00000000d6f80000,0x00000000d70fc900,0x00000000d7100000)
  to   space 512K, 0% used [0x00000000d7100000,0x00000000d7100000,0x00000000d7180000)
 ParOldGen       total 68608K, used 59486K [0x0000000080000000, 0x0000000084300000, 0x00000000d5580000)
  object space 68608K, 86% used [0x0000000080000000,0x0000000083a17b20,0x0000000084300000)
 Metaspace       used 64546K, committed 65920K, reserved 1114112K
  class space    used 7000K, committed 7616K, reserved 1048576K
}
Event: 44.059 GC heap before
{Heap before GC invocations=53 (full 3):
 PSYoungGen      total 22016K, used 22002K [0x00000000d5580000, 0x00000000d7180000, 0x0000000100000000)
  eden space 20480K, 100% used [0x00000000d5580000,0x00000000d6980000,0x00000000d6980000)
  from space 1536K, 99% used [0x00000000d6f80000,0x00000000d70fc900,0x00000000d7100000)
  to   space 512K, 0% used [0x00000000d7100000,0x00000000d7100000,0x00000000d7180000)
 ParOldGen       total 68608K, used 59486K [0x0000000080000000, 0x0000000084300000, 0x00000000d5580000)
  object space 68608K, 86% used [0x0000000080000000,0x0000000083a17b20,0x0000000084300000)
 Metaspace       used 64996K, committed 66432K, reserved 1114112K
  class space    used 7023K, committed 7680K, reserved 1048576K
}
Event: 44.063 GC heap after
{Heap after GC invocations=53 (full 3):
 PSYoungGen      total 20992K, used 512K [0x00000000d5580000, 0x00000000d7180000, 0x0000000100000000)
  eden space 20480K, 0% used [0x00000000d5580000,0x00000000d5580000,0x00000000d6980000)
  from space 512K, 100% used [0x00000000d7100000,0x00000000d7180000,0x00000000d7180000)
  to   space 2560K, 0% used [0x00000000d6c80000,0x00000000d6c80000,0x00000000d6f00000)
 ParOldGen       total 68608K, used 60913K [0x0000000080000000, 0x0000000084300000, 0x00000000d5580000)
  object space 68608K, 88% used [0x0000000080000000,0x0000000083b7c630,0x0000000084300000)
 Metaspace       used 64996K, committed 66432K, reserved 1114112K
  class space    used 7023K, committed 7680K, reserved 1048576K
}
Event: 44.202 GC heap before
{Heap before GC invocations=54 (full 3):
 PSYoungGen      total 20992K, used 20992K [0x00000000d5580000, 0x00000000d7180000, 0x0000000100000000)
  eden space 20480K, 100% used [0x00000000d5580000,0x00000000d6980000,0x00000000d6980000)
  from space 512K, 100% used [0x00000000d7100000,0x00000000d7180000,0x00000000d7180000)
  to   space 2560K, 0% used [0x00000000d6c80000,0x00000000d6c80000,0x00000000d6f00000)
 ParOldGen       total 68608K, used 60913K [0x0000000080000000, 0x0000000084300000, 0x00000000d5580000)
  object space 68608K, 88% used [0x0000000080000000,0x0000000083b7c630,0x0000000084300000)
 Metaspace       used 65295K, committed 66816K, reserved 1114112K
  class space    used 7057K, committed 7680K, reserved 1048576K
}
Event: 44.207 GC heap after
{Heap after GC invocations=54 (full 3):
 PSYoungGen      total 23040K, used 1682K [0x00000000d5580000, 0x00000000d7180000, 0x0000000100000000)
  eden space 20480K, 0% used [0x00000000d5580000,0x00000000d5580000,0x00000000d6980000)
  from space 2560K, 65% used [0x00000000d6c80000,0x00000000d6e24840,0x00000000d6f00000)
  to   space 2048K, 0% used [0x00000000d6f80000,0x00000000d6f80000,0x00000000d7180000)
 ParOldGen       total 68608K, used 61297K [0x0000000080000000, 0x0000000084300000, 0x00000000d5580000)
  object space 68608K, 89% used [0x0000000080000000,0x0000000083bdc630,0x0000000084300000)
 Metaspace       used 65295K, committed 66816K, reserved 1114112K
  class space    used 7057K, committed 7680K, reserved 1048576K
}
Event: 44.397 GC heap before
{Heap before GC invocations=55 (full 3):
 PSYoungGen      total 23040K, used 22162K [0x00000000d5580000, 0x00000000d7180000, 0x0000000100000000)
  eden space 20480K, 100% used [0x00000000d5580000,0x00000000d6980000,0x00000000d6980000)
  from space 2560K, 65% used [0x00000000d6c80000,0x00000000d6e24840,0x00000000d6f00000)
  to   space 2048K, 0% used [0x00000000d6f80000,0x00000000d6f80000,0x00000000d7180000)
 ParOldGen       total 68608K, used 61297K [0x0000000080000000, 0x0000000084300000, 0x00000000d5580000)
  object space 68608K, 89% used [0x0000000080000000,0x0000000083bdc630,0x0000000084300000)
 Metaspace       used 65394K, committed 66880K, reserved 1114112K
  class space    used 7064K, committed 7680K, reserved 1048576K
}
Event: 44.407 GC heap after
{Heap after GC invocations=55 (full 3):
 PSYoungGen      total 21504K, used 780K [0x00000000d5580000, 0x00000000d7080000, 0x0000000100000000)
  eden space 20480K, 0% used [0x00000000d5580000,0x00000000d5580000,0x00000000d6980000)
  from space 1024K, 76% used [0x00000000d6f80000,0x00000000d7043158,0x00000000d7080000)
  to   space 1536K, 0% used [0x00000000d6d80000,0x00000000d6d80000,0x00000000d6f00000)
 ParOldGen       total 68608K, used 62792K [0x0000000080000000, 0x0000000084300000, 0x00000000d5580000)
  object space 68608K, 91% used [0x0000000080000000,0x0000000083d52078,0x0000000084300000)
 Metaspace       used 65394K, committed 66880K, reserved 1114112K
  class space    used 7064K, committed 7680K, reserved 1048576K
}
Event: 44.738 GC heap before
{Heap before GC invocations=56 (full 3):
 PSYoungGen      total 21504K, used 21260K [0x00000000d5580000, 0x00000000d7080000, 0x0000000100000000)
  eden space 20480K, 100% used [0x00000000d5580000,0x00000000d6980000,0x00000000d6980000)
  from space 1024K, 76% used [0x00000000d6f80000,0x00000000d7043158,0x00000000d7080000)
  to   space 1536K, 0% used [0x00000000d6d80000,0x00000000d6d80000,0x00000000d6f00000)
 ParOldGen       total 68608K, used 62792K [0x0000000080000000, 0x0000000084300000, 0x00000000d5580000)
  object space 68608K, 91% used [0x0000000080000000,0x0000000083d52078,0x0000000084300000)
 Metaspace       used 65510K, committed 67008K, reserved 1114112K
  class space    used 7085K, committed 7744K, reserved 1048576K
}
Event: 44.750 GC heap after
{Heap after GC invocations=56 (full 3):
 PSYoungGen      total 22016K, used 1532K [0x00000000d5580000, 0x00000000d7000000, 0x0000000100000000)
  eden space 20480K, 0% used [0x00000000d5580000,0x00000000d5580000,0x00000000d6980000)
  from space 1536K, 99% used [0x00000000d6d80000,0x00000000d6eff3d8,0x00000000d6f00000)
  to   space 1024K, 0% used [0x00000000d6f00000,0x00000000d6f00000,0x00000000d7000000)
 ParOldGen       total 68608K, used 63484K [0x0000000080000000, 0x0000000084300000, 0x00000000d5580000)
  object space 68608K, 92% used [0x0000000080000000,0x0000000083dff270,0x0000000084300000)
 Metaspace       used 65510K, committed 67008K, reserved 1114112K
  class space    used 7085K, committed 7744K, reserved 1048576K
}
Event: 44.864 GC heap before
{Heap before GC invocations=57 (full 3):
 PSYoungGen      total 22016K, used 22012K [0x00000000d5580000, 0x00000000d7000000, 0x0000000100000000)
  eden space 20480K, 100% used [0x00000000d5580000,0x00000000d6980000,0x00000000d6980000)
  from space 1536K, 99% used [0x00000000d6d80000,0x00000000d6eff3d8,0x00000000d6f00000)
  to   space 1024K, 0% used [0x00000000d6f00000,0x00000000d6f00000,0x00000000d7000000)
 ParOldGen       total 68608K, used 63484K [0x0000000080000000, 0x0000000084300000, 0x00000000d5580000)
  object space 68608K, 92% used [0x0000000080000000,0x0000000083dff270,0x0000000084300000)
 Metaspace       used 65668K, committed 67136K, reserved 1114112K
  class space    used 7101K, committed 7744K, reserved 1048576K
}
Event: 44.868 GC heap after
{Heap after GC invocations=57 (full 3):
 PSYoungGen      total 21504K, used 1007K [0x00000000d5580000, 0x00000000d7000000, 0x0000000100000000)
  eden space 20480K, 0% used [0x00000000d5580000,0x00000000d5580000,0x00000000d6980000)
  from space 1024K, 98% used [0x00000000d6f00000,0x00000000d6ffbe78,0x00000000d7000000)
  to   space 3072K, 0% used [0x00000000d6a00000,0x00000000d6a00000,0x00000000d6d00000)
 ParOldGen       total 68608K, used 65275K [0x0000000080000000, 0x0000000084300000, 0x00000000d5580000)
  object space 68608K, 95% used [0x0000000080000000,0x0000000083fbede0,0x0000000084300000)
 Metaspace       used 65668K, committed 67136K, reserved 1114112K
  class space    used 7101K, committed 7744K, reserved 1048576K
}
Event: 45.063 GC heap before
{Heap before GC invocations=58 (full 3):
 PSYoungGen      total 21504K, used 21487K [0x00000000d5580000, 0x00000000d7000000, 0x0000000100000000)
  eden space 20480K, 100% used [0x00000000d5580000,0x00000000d6980000,0x00000000d6980000)
  from space 1024K, 98% used [0x00000000d6f00000,0x00000000d6ffbe78,0x00000000d7000000)
  to   space 3072K, 0% used [0x00000000d6a00000,0x00000000d6a00000,0x00000000d6d00000)
 ParOldGen       total 68608K, used 65275K [0x0000000080000000, 0x0000000084300000, 0x00000000d5580000)
  object space 68608K, 95% used [0x0000000080000000,0x0000000083fbede0,0x0000000084300000)
 Metaspace       used 65684K, committed 67136K, reserved 1114112K
  class space    used 7102K, committed 7744K, reserved 1048576K
}
Event: 45.074 GC heap after
{Heap after GC invocations=58 (full 3):
 PSYoungGen      total 23552K, used 2177K [0x00000000d5580000, 0x00000000d6f80000, 0x0000000100000000)
  eden space 20480K, 0% used [0x00000000d5580000,0x00000000d5580000,0x00000000d6980000)
  from space 3072K, 70% used [0x00000000d6a00000,0x00000000d6c205b8,0x00000000d6d00000)
  to   space 2560K, 0% used [0x00000000d6d00000,0x00000000d6d00000,0x00000000d6f80000)
 ParOldGen       total 68608K, used 66251K [0x0000000080000000, 0x0000000084300000, 0x00000000d5580000)
  object space 68608K, 96% used [0x0000000080000000,0x00000000840b2fd0,0x0000000084300000)
 Metaspace       used 65684K, committed 67136K, reserved 1114112K
  class space    used 7102K, committed 7744K, reserved 1048576K
}
Event: 45.356 GC heap before
{Heap before GC invocations=59 (full 3):
 PSYoungGen      total 23552K, used 22657K [0x00000000d5580000, 0x00000000d6f80000, 0x0000000100000000)
  eden space 20480K, 100% used [0x00000000d5580000,0x00000000d6980000,0x00000000d6980000)
  from space 3072K, 70% used [0x00000000d6a00000,0x00000000d6c205b8,0x00000000d6d00000)
  to   space 2560K, 0% used [0x00000000d6d00000,0x00000000d6d00000,0x00000000d6f80000)
 ParOldGen       total 68608K, used 66251K [0x0000000080000000, 0x0000000084300000, 0x00000000d5580000)
  object space 68608K, 96% used [0x0000000080000000,0x00000000840b2fd0,0x0000000084300000)
 Metaspace       used 65897K, committed 67392K, reserved 1114112K
  class space    used 7123K, committed 7808K, reserved 1048576K
}
Event: 45.365 GC heap after
{Heap after GC invocations=59 (full 3):
 PSYoungGen      total 22016K, used 1125K [0x00000000d5580000, 0x00000000d6e80000, 0x0000000100000000)
  eden space 20480K, 0% used [0x00000000d5580000,0x00000000d5580000,0x00000000d6980000)
  from space 1536K, 73% used [0x00000000d6d00000,0x00000000d6e195a0,0x00000000d6e80000)
  to   space 2048K, 0% used [0x00000000d6a80000,0x00000000d6a80000,0x00000000d6c80000)
 ParOldGen       total 68608K, used 68319K [0x0000000080000000, 0x0000000084300000, 0x00000000d5580000)
  object space 68608K, 99% used [0x0000000080000000,0x00000000842b7db8,0x0000000084300000)
 Metaspace       used 65897K, committed 67392K, reserved 1114112K
  class space    used 7123K, committed 7808K, reserved 1048576K
}
Event: 45.861 GC heap before
{Heap before GC invocations=60 (full 3):
 PSYoungGen      total 22016K, used 21546K [0x00000000d5580000, 0x00000000d6e80000, 0x0000000100000000)
  eden space 20480K, 99% used [0x00000000d5580000,0x00000000d6971618,0x00000000d6980000)
  from space 1536K, 73% used [0x00000000d6d00000,0x00000000d6e195a0,0x00000000d6e80000)
  to   space 2048K, 0% used [0x00000000d6a80000,0x00000000d6a80000,0x00000000d6c80000)
 ParOldGen       total 68608K, used 68319K [0x0000000080000000, 0x0000000084300000, 0x00000000d5580000)
  object space 68608K, 99% used [0x0000000080000000,0x00000000842b7db8,0x0000000084300000)
 Metaspace       used 66223K, committed 67712K, reserved 1114112K
  class space    used 7175K, committed 7808K, reserved 1048576K
}
Event: 45.870 GC heap after
{Heap after GC invocations=60 (full 3):
 PSYoungGen      total 22528K, used 1839K [0x00000000d5580000, 0x00000000d6d80000, 0x0000000100000000)
  eden space 20480K, 0% used [0x00000000d5580000,0x00000000d5580000,0x00000000d6980000)
  from space 2048K, 89% used [0x00000000d6a80000,0x00000000d6c4bf00,0x00000000d6c80000)
  to   space 1024K, 0% used [0x00000000d6c80000,0x00000000d6c80000,0x00000000d6d80000)
 ParOldGen       total 69632K, used 69364K [0x0000000080000000, 0x0000000084400000, 0x00000000d5580000)
  object space 69632K, 99% used [0x0000000080000000,0x00000000843bd398,0x0000000084400000)
 Metaspace       used 66223K, committed 67712K, reserved 1114112K
  class space    used 7175K, committed 7808K, reserved 1048576K
}
Event: 47.558 GC heap before
{Heap before GC invocations=61 (full 3):
 PSYoungGen      total 22528K, used 22319K [0x00000000d5580000, 0x00000000d6d80000, 0x0000000100000000)
  eden space 20480K, 100% used [0x00000000d5580000,0x00000000d6980000,0x00000000d6980000)
  from space 2048K, 89% used [0x00000000d6a80000,0x00000000d6c4bf00,0x00000000d6c80000)
  to   space 1024K, 0% used [0x00000000d6c80000,0x00000000d6c80000,0x00000000d6d80000)
 ParOldGen       total 69632K, used 69364K [0x0000000080000000, 0x0000000084400000, 0x00000000d5580000)
  object space 69632K, 99% used [0x0000000080000000,0x00000000843bd398,0x0000000084400000)
 Metaspace       used 67065K, committed 68544K, reserved 1114112K
  class space    used 7236K, committed 7872K, reserved 1048576K
}
Event: 47.574 GC heap after
{Heap after GC invocations=61 (full 3):
 PSYoungGen      total 18944K, used 1008K [0x00000000d5580000, 0x00000000d7480000, 0x0000000100000000)
  eden space 17920K, 0% used [0x00000000d5580000,0x00000000d5580000,0x00000000d6700000)
  from space 1024K, 98% used [0x00000000d6c80000,0x00000000d6d7c010,0x00000000d6d80000)
  to   space 5632K, 0% used [0x00000000d6700000,0x00000000d6700000,0x00000000d6c80000)
 ParOldGen       total 73728K, used 73275K [0x0000000080000000, 0x0000000084800000, 0x00000000d5580000)
  object space 73728K, 99% used [0x0000000080000000,0x000000008478ed68,0x0000000084800000)
 Metaspace       used 67065K, committed 68544K, reserved 1114112K
  class space    used 7236K, committed 7872K, reserved 1048576K
}

