# JRE version: OpenJDK Runtime Environment Temurin-21.0.9+10 (21.0.9+10) (build 21.0.9+10-LTS)
# Java VM: OpenJDK 64-Bit Server VM Temurin-21.0.9+10 (21.0.9+10-LTS, mixed mode, sharing, tiered, compressed oops, compressed class ptrs, parallel gc, windows-amd64)
GC Precious Log:
 CardTable entry size: 512
 CPUs: 12 total, 12 available
 Memory: 7876M
 Large Page Support: Disabled
 NUMA Support: Disabled
 Compressed Oops: Enabled (32-bit)
 Alignments: Space 512K, Generation 512K, Heap 2M
 Heap Min Capacity: 100M
 Heap Initial Capacity: 100M
 Heap Max Capacity: 2G
 Pre-touch: Disabled
 Parallel Workers: 10
Heap:
 PSYoungGen      total 3072K, used 732K [0x00000000d5580000, 0x00000000d5a80000, 0x0000000100000000)
  eden space 2560K, 14% used [0x00000000d5580000,0x00000000d55df090,0x00000000d5800000)
  from space 512K, 68% used [0x00000000d5a00000,0x00000000d5a58000,0x00000000d5a80000)
  to   space 1024K, 0% used [0x00000000d5880000,0x00000000d5880000,0x00000000d5980000)
 ParOldGen       total 180224K, used 157530K [0x0000000080000000, 0x000000008b000000, 0x00000000d5580000)
  object space 180224K, 87% used [0x0000000080000000,0x00000000899d6800,0x000000008b000000)
 Metaspace       used 73995K, committed 75712K, reserved 1179648K
  class space    used 7926K, committed 8640K, reserved 1048576K
GC Heap History (20 events):
Event: 47.313 GC heap before
{Heap before GC invocations=248 (full 3):
 PSYoungGen      total 3584K, used 3505K [0x00000000d5580000, 0x00000000d5d00000, 0x0000000100000000)
  eden space 2560K, 97% used [0x00000000d5580000,0x00000000d57ee5f8,0x00000000d5800000)
  from space 1024K, 99% used [0x00000000d5a00000,0x00000000d5afde08,0x00000000d5b00000)
  to   space 2048K, 0% used [0x00000000d5800000,0x00000000d5800000,0x00000000d5a00000)
 ParOldGen       total 180224K, used 147052K [0x0000000080000000, 0x000000008b000000, 0x00000000d5580000)
  object space 180224K, 81% used [0x0000000080000000,0x0000000088f9b268,0x000000008b000000)
 Metaspace       used 73340K, committed 74944K, reserved 1179648K
  class space    used 7844K, committed 8512K, reserved 1048576K
}
Event: 47.317 GC heap after
{Heap after GC invocations=248 (full 3):
 PSYoungGen      total 4608K, used 2042K [0x00000000d5580000, 0x00000000d6000000, 0x0000000100000000)
  eden space 2560K, 0% used [0x00000000d5580000,0x00000000d5580000,0x00000000d5800000)
  from space 2048K, 99% used [0x00000000d5800000,0x00000000d59fea48,0x00000000d5a00000)
  to   space 4096K, 0% used [0x00000000d5c00000,0x00000000d5c00000,0x00000000d6000000)
 ParOldGen       total 180224K, used 148440K [0x0000000080000000, 0x000000008b000000, 0x00000000d5580000)
  object space 180224K, 82% used [0x0000000080000000,0x00000000890f6040,0x000000008b000000)
 Metaspace       used 73340K, committed 74944K, reserved 1179648K
  class space    used 7844K, committed 8512K, reserved 1048576K
}
Event: 47.398 GC heap before
{Heap before GC invocations=249 (full 3):
 PSYoungGen      total 4608K, used 4601K [0x00000000d5580000, 0x00000000d6000000, 0x0000000100000000)
  eden space 2560K, 99% used [0x00000000d5580000,0x00000000d57ffd88,0x00000000d5800000)
  from space 2048K, 99% used [0x00000000d5800000,0x00000000d59fea48,0x00000000d5a00000)
  to   space 4096K, 0% used [0x00000000d5c00000,0x00000000d5c00000,0x00000000d6000000)
 ParOldGen       total 180224K, used 148440K [0x0000000080000000, 0x000000008b000000, 0x00000000d5580000)
  object space 180224K, 82% used [0x0000000080000000,0x00000000890f6040,0x000000008b000000)
 Metaspace       used 73341K, committed 74944K, reserved 1179648K
  class space    used 7844K, committed 8512K, reserved 1048576K
}
Event: 47.405 GC heap after
{Heap after GC invocations=249 (full 3):
 PSYoungGen      total 4608K, used 1807K [0x00000000d5580000, 0x00000000d5e00000, 0x0000000100000000)
  eden space 2560K, 0% used [0x00000000d5580000,0x00000000d5580000,0x00000000d5800000)
  from space 2048K, 88% used [0x00000000d5c00000,0x00000000d5dc3c50,0x00000000d5e00000)
  to   space 2560K, 0% used [0x00000000d5900000,0x00000000d5900000,0x00000000d5b80000)
 ParOldGen       total 180224K, used 150443K [0x0000000080000000, 0x000000008b000000, 0x00000000d5580000)
  object space 180224K, 83% used [0x0000000080000000,0x00000000892eac50,0x000000008b000000)
 Metaspace       used 73341K, committed 74944K, reserved 1179648K
  class space    used 7844K, committed 8512K, reserved 1048576K
}
Event: 47.594 GC heap before
{Heap before GC invocations=250 (full 3):
 PSYoungGen      total 4608K, used 4367K [0x00000000d5580000, 0x00000000d5e00000, 0x0000000100000000)
  eden space 2560K, 100% used [0x00000000d5580000,0x00000000d5800000,0x00000000d5800000)
  from space 2048K, 88% used [0x00000000d5c00000,0x00000000d5dc3c50,0x00000000d5e00000)
  to   space 2560K, 0% used [0x00000000d5900000,0x00000000d5900000,0x00000000d5b80000)
 ParOldGen       total 180224K, used 150443K [0x0000000080000000, 0x000000008b000000, 0x00000000d5580000)
  object space 180224K, 83% used [0x0000000080000000,0x00000000892eac50,0x000000008b000000)
 Metaspace       used 73370K, committed 74944K, reserved 1179648K
  class space    used 7844K, committed 8512K, reserved 1048576K
}
Event: 47.596 GC heap after
{Heap after GC invocations=250 (full 3):
 PSYoungGen      total 5120K, used 256K [0x00000000d5580000, 0x00000000d5c80000, 0x0000000100000000)
  eden space 2560K, 0% used [0x00000000d5580000,0x00000000d5580000,0x00000000d5800000)
  from space 2560K, 10% used [0x00000000d5900000,0x00000000d5940000,0x00000000d5b80000)
  to   space 1024K, 0% used [0x00000000d5b80000,0x00000000d5b80000,0x00000000d5c80000)
 ParOldGen       total 180224K, used 150771K [0x0000000080000000, 0x000000008b000000, 0x00000000d5580000)
  object space 180224K, 83% used [0x0000000080000000,0x000000008933cc50,0x000000008b000000)
 Metaspace       used 73370K, committed 74944K, reserved 1179648K
  class space    used 7844K, committed 8512K, reserved 1048576K
}
Event: 48.000 GC heap before
{Heap before GC invocations=251 (full 3):
 PSYoungGen      total 5120K, used 2815K [0x00000000d5580000, 0x00000000d5c80000, 0x0000000100000000)
  eden space 2560K, 99% used [0x00000000d5580000,0x00000000d57fffe8,0x00000000d5800000)
  from space 2560K, 10% used [0x00000000d5900000,0x00000000d5940000,0x00000000d5b80000)
  to   space 1024K, 0% used [0x00000000d5b80000,0x00000000d5b80000,0x00000000d5c80000)
 ParOldGen       total 180224K, used 150771K [0x0000000080000000, 0x000000008b000000, 0x00000000d5580000)
  object space 180224K, 83% used [0x0000000080000000,0x000000008933cc50,0x000000008b000000)
 Metaspace       used 73434K, committed 75008K, reserved 1179648K
  class space    used 7850K, committed 8512K, reserved 1048576K
}
Event: 48.004 GC heap after
{Heap after GC invocations=251 (full 3):
 PSYoungGen      total 3072K, used 320K [0x00000000d5580000, 0x00000000d5c00000, 0x0000000100000000)
  eden space 2560K, 0% used [0x00000000d5580000,0x00000000d5580000,0x00000000d5800000)
  from space 512K, 62% used [0x00000000d5b80000,0x00000000d5bd0000,0x00000000d5c00000)
  to   space 512K, 0% used [0x00000000d5b00000,0x00000000d5b00000,0x00000000d5b80000)
 ParOldGen       total 180224K, used 150851K [0x0000000080000000, 0x000000008b000000, 0x00000000d5580000)
  object space 180224K, 83% used [0x0000000080000000,0x0000000089350c50,0x000000008b000000)
 Metaspace       used 73434K, committed 75008K, reserved 1179648K
  class space    used 7850K, committed 8512K, reserved 1048576K
}
Event: 48.142 GC heap before
{Heap before GC invocations=252 (full 3):
 PSYoungGen      total 3072K, used 2879K [0x00000000d5580000, 0x00000000d5c00000, 0x0000000100000000)
  eden space 2560K, 99% used [0x00000000d5580000,0x00000000d57ffff8,0x00000000d5800000)
  from space 512K, 62% used [0x00000000d5b80000,0x00000000d5bd0000,0x00000000d5c00000)
  to   space 512K, 0% used [0x00000000d5b00000,0x00000000d5b00000,0x00000000d5b80000)
 ParOldGen       total 180224K, used 150851K [0x0000000080000000, 0x000000008b000000, 0x00000000d5580000)
  object space 180224K, 83% used [0x0000000080000000,0x0000000089350c50,0x000000008b000000)
 Metaspace       used 73541K, committed 75136K, reserved 1179648K
  class space    used 7860K, committed 8512K, reserved 1048576K
}
Event: 48.146 GC heap after
{Heap after GC invocations=252 (full 3):
 PSYoungGen      total 3072K, used 494K [0x00000000d5580000, 0x00000000d5c00000, 0x0000000100000000)
  eden space 2560K, 0% used [0x00000000d5580000,0x00000000d5580000,0x00000000d5800000)
  from space 512K, 96% used [0x00000000d5b00000,0x00000000d5b7bb00,0x00000000d5b80000)
  to   space 512K, 0% used [0x00000000d5b80000,0x00000000d5b80000,0x00000000d5c00000)
 ParOldGen       total 180224K, used 150971K [0x0000000080000000, 0x000000008b000000, 0x00000000d5580000)
  object space 180224K, 83% used [0x0000000080000000,0x000000008936ec50,0x000000008b000000)
 Metaspace       used 73541K, committed 75136K, reserved 1179648K
  class space    used 7860K, committed 8512K, reserved 1048576K
}
Event: 48.283 GC heap before
{Heap before GC invocations=253 (full 3):
 PSYoungGen      total 3072K, used 3052K [0x00000000d5580000, 0x00000000d5c00000, 0x0000000100000000)
  eden space 2560K, 99% used [0x00000000d5580000,0x00000000d57ff6a8,0x00000000d5800000)
  from space 512K, 96% used [0x00000000d5b00000,0x00000000d5b7bb00,0x00000000d5b80000)
  to   space 512K, 0% used [0x00000000d5b80000,0x00000000d5b80000,0x00000000d5c00000)
 ParOldGen       total 180224K, used 150971K [0x0000000080000000, 0x000000008b000000, 0x00000000d5580000)
  object space 180224K, 83% used [0x0000000080000000,0x000000008936ec50,0x000000008b000000)
 Metaspace       used 73550K, committed 75136K, reserved 1179648K
  class space    used 7860K, committed 8512K, reserved 1048576K
}
Event: 48.287 GC heap after
{Heap after GC invocations=253 (full 3):
 PSYoungGen      total 3072K, used 494K [0x00000000d5580000, 0x00000000d5c00000, 0x0000000100000000)
  eden space 2560K, 0% used [0x00000000d5580000,0x00000000d5580000,0x00000000d5800000)
  from space 512K, 96% used [0x00000000d5b80000,0x00000000d5bfbb38,0x00000000d5c00000)
  to   space 2048K, 0% used [0x00000000d5800000,0x00000000d5800000,0x00000000d5a00000)
 ParOldGen       total 180224K, used 152130K [0x0000000080000000, 0x000000008b000000, 0x00000000d5580000)
  object space 180224K, 84% used [0x0000000080000000,0x0000000089490ae8,0x000000008b000000)
 Metaspace       used 73550K, committed 75136K, reserved 1179648K
  class space    used 7860K, committed 8512K, reserved 1048576K
}
Event: 48.341 GC heap before
{Heap before GC invocations=254 (full 3):
 PSYoungGen      total 3072K, used 3054K [0x00000000d5580000, 0x00000000d5c00000, 0x0000000100000000)
  eden space 2560K, 100% used [0x00000000d5580000,0x00000000d5800000,0x00000000d5800000)
  from space 512K, 96% used [0x00000000d5b80000,0x00000000d5bfbb38,0x00000000d5c00000)
  to   space 2048K, 0% used [0x00000000d5800000,0x00000000d5800000,0x00000000d5a00000)
 ParOldGen       total 180224K, used 152130K [0x0000000080000000, 0x000000008b000000, 0x00000000d5580000)
  object space 180224K, 84% used [0x0000000080000000,0x0000000089490ae8,0x000000008b000000)
 Metaspace       used 73551K, committed 75136K, reserved 1179648K
  class space    used 7860K, committed 8512K, reserved 1048576K
}
Event: 48.344 GC heap after
{Heap after GC invocations=254 (full 3):
 PSYoungGen      total 4608K, used 2037K [0x00000000d5580000, 0x00000000d5e00000, 0x0000000100000000)
  eden space 2560K, 0% used [0x00000000d5580000,0x00000000d5580000,0x00000000d5800000)
  from space 2048K, 99% used [0x00000000d5800000,0x00000000d59fd480,0x00000000d5a00000)
  to   space 3072K, 0% used [0x00000000d5b00000,0x00000000d5b00000,0x00000000d5e00000)
 ParOldGen       total 180224K, used 152748K [0x0000000080000000, 0x000000008b000000, 0x00000000d5580000)
  object space 180224K, 84% used [0x0000000080000000,0x000000008952b170,0x000000008b000000)
 Metaspace       used 73551K, committed 75136K, reserved 1179648K
  class space    used 7860K, committed 8512K, reserved 1048576K
}
Event: 48.413 GC heap before
{Heap before GC invocations=255 (full 3):
 PSYoungGen      total 4608K, used 4597K [0x00000000d5580000, 0x00000000d5e00000, 0x0000000100000000)
  eden space 2560K, 100% used [0x00000000d5580000,0x00000000d5800000,0x00000000d5800000)
  from space 2048K, 99% used [0x00000000d5800000,0x00000000d59fd480,0x00000000d5a00000)
  to   space 3072K, 0% used [0x00000000d5b00000,0x00000000d5b00000,0x00000000d5e00000)
 ParOldGen       total 180224K, used 152748K [0x0000000080000000, 0x000000008b000000, 0x00000000d5580000)
  object space 180224K, 84% used [0x0000000080000000,0x000000008952b170,0x000000008b000000)
 Metaspace       used 73552K, committed 75136K, reserved 1179648K
  class space    used 7860K, committed 8512K, reserved 1048576K
}
Event: 48.417 GC heap after
{Heap after GC invocations=255 (full 3):
 PSYoungGen      total 5120K, used 2135K [0x00000000d5580000, 0x00000000d5d80000, 0x0000000100000000)
  eden space 2560K, 0% used [0x00000000d5580000,0x00000000d5580000,0x00000000d5800000)
  from space 2560K, 83% used [0x00000000d5b00000,0x00000000d5d15c40,0x00000000d5d80000)
  to   space 2560K, 0% used [0x00000000d5880000,0x00000000d5880000,0x00000000d5b00000)
 ParOldGen       total 180224K, used 154790K [0x0000000080000000, 0x000000008b000000, 0x00000000d5580000)
  object space 180224K, 85% used [0x0000000080000000,0x0000000089729b00,0x000000008b000000)
 Metaspace       used 73552K, committed 75136K, reserved 1179648K
  class space    used 7860K, committed 8512K, reserved 1048576K
}
Event: 48.500 GC heap before
{Heap before GC invocations=256 (full 3):
 PSYoungGen      total 5120K, used 4695K [0x00000000d5580000, 0x00000000d5d80000, 0x0000000100000000)
  eden space 2560K, 100% used [0x00000000d5580000,0x00000000d5800000,0x00000000d5800000)
  from space 2560K, 83% used [0x00000000d5b00000,0x00000000d5d15c40,0x00000000d5d80000)
  to   space 2560K, 0% used [0x00000000d5880000,0x00000000d5880000,0x00000000d5b00000)
 ParOldGen       total 180224K, used 154790K [0x0000000080000000, 0x000000008b000000, 0x00000000d5580000)
  object space 180224K, 85% used [0x0000000080000000,0x0000000089729b00,0x000000008b000000)
 Metaspace       used 73643K, committed 75264K, reserved 1179648K
  class space    used 7884K, committed 8576K, reserved 1048576K
}
Event: 48.505 GC heap after
{Heap after GC invocations=256 (full 3):
 PSYoungGen      total 4096K, used 1042K [0x00000000d5580000, 0x00000000d5b80000, 0x0000000100000000)
  eden space 2560K, 0% used [0x00000000d5580000,0x00000000d5580000,0x00000000d5800000)
  from space 1536K, 67% used [0x00000000d5880000,0x00000000d59848a0,0x00000000d5a00000)
  to   space 1536K, 0% used [0x00000000d5a00000,0x00000000d5a00000,0x00000000d5b80000)
 ParOldGen       total 180224K, used 156762K [0x0000000080000000, 0x000000008b000000, 0x00000000d5580000)
  object space 180224K, 86% used [0x0000000080000000,0x0000000089916800,0x000000008b000000)
 Metaspace       used 73643K, committed 75264K, reserved 1179648K
  class space    used 7884K, committed 8576K, reserved 1048576K
}
Event: 54.963 GC heap before
{Heap before GC invocations=257 (full 3):
 PSYoungGen      total 4096K, used 3602K [0x00000000d5580000, 0x00000000d5b80000, 0x0000000100000000)
  eden space 2560K, 100% used [0x00000000d5580000,0x00000000d5800000,0x00000000d5800000)
  from space 1536K, 67% used [0x00000000d5880000,0x00000000d59848a0,0x00000000d5a00000)
  to   space 1536K, 0% used [0x00000000d5a00000,0x00000000d5a00000,0x00000000d5b80000)
 ParOldGen       total 180224K, used 156762K [0x0000000080000000, 0x000000008b000000, 0x00000000d5580000)
  object space 180224K, 86% used [0x0000000080000000,0x0000000089916800,0x000000008b000000)
 Metaspace       used 73972K, committed 75648K, reserved 1179648K
  class space    used 7926K, committed 8640K, reserved 1048576K
}
Event: 54.966 GC heap after
{Heap after GC invocations=257 (full 3):
 PSYoungGen      total 3072K, used 352K [0x00000000d5580000, 0x00000000d5a80000, 0x0000000100000000)
  eden space 2560K, 0% used [0x00000000d5580000,0x00000000d5580000,0x00000000d5800000)
  from space 512K, 68% used [0x00000000d5a00000,0x00000000d5a58000,0x00000000d5a80000)
  to   space 1024K, 0% used [0x00000000d5880000,0x00000000d5880000,0x00000000d5980000)
 ParOldGen       total 180224K, used 157530K [0x0000000080000000, 0x000000008b000000, 0x00000000d5580000)
  object space 180224K, 87% used [0x0000000080000000,0x00000000899d6800,0x000000008b000000)
 Metaspace       used 73972K, committed 75648K, reserved 1179648K
  class space    used 7926K, committed 8640K, reserved 1048576K
}

